<?xml version="1.0" encoding="UTF-8"?>
<testsuite name="com.example.todo.TodoApplicationTests" tests="1" skipped="0" failures="0" errors="0" timestamp="2021-06-26T14:48:38" hostname="LAPTOP-RG654IMP" time="0.574">
  <properties/>
  <testcase name="contextLoads()" classname="com.example.todo.TodoApplicationTests" time="0.574"/>
  <system-out><![CDATA[23:48:33.177 [Test worker] DEBUG org.springframework.test.context.BootstrapUtils - Instantiating CacheAwareContextLoaderDelegate from class [org.springframework.test.context.cache.DefaultCacheAwareContextLoaderDelegate]
23:48:33.192 [Test worker] DEBUG org.springframework.test.context.BootstrapUtils - Instantiating BootstrapContext using constructor [public org.springframework.test.context.support.DefaultBootstrapContext(java.lang.Class,org.springframework.test.context.CacheAwareContextLoaderDelegate)]
23:48:33.247 [Test worker] DEBUG org.springframework.test.context.BootstrapUtils - Instantiating TestContextBootstrapper for test class [com.example.todo.TodoApplicationTests] from class [org.springframework.boot.test.context.SpringBootTestContextBootstrapper]
23:48:33.261 [Test worker] INFO org.springframework.boot.test.context.SpringBootTestContextBootstrapper - Neither @ContextConfiguration nor @ContextHierarchy found for test class [com.example.todo.TodoApplicationTests], using SpringBootContextLoader
23:48:33.268 [Test worker] DEBUG org.springframework.test.context.support.AbstractContextLoader - Did not detect default resource location for test class [com.example.todo.TodoApplicationTests]: class path resource [com/example/todo/TodoApplicationTests-context.xml] does not exist
23:48:33.268 [Test worker] DEBUG org.springframework.test.context.support.AbstractContextLoader - Did not detect default resource location for test class [com.example.todo.TodoApplicationTests]: class path resource [com/example/todo/TodoApplicationTestsContext.groovy] does not exist
23:48:33.269 [Test worker] INFO org.springframework.test.context.support.AbstractContextLoader - Could not detect default resource locations for test class [com.example.todo.TodoApplicationTests]: no resource found for suffixes {-context.xml, Context.groovy}.
23:48:33.270 [Test worker] INFO org.springframework.test.context.support.AnnotationConfigContextLoaderUtils - Could not detect default configuration classes for test class [com.example.todo.TodoApplicationTests]: TodoApplicationTests does not declare any static, non-private, non-final, nested classes annotated with @Configuration.
23:48:33.337 [Test worker] DEBUG org.springframework.test.context.support.ActiveProfilesUtils - Could not find an 'annotation declaring class' for annotation type [org.springframework.test.context.ActiveProfiles] and class [com.example.todo.TodoApplicationTests]
23:48:33.421 [Test worker] DEBUG org.springframework.context.annotation.ClassPathScanningCandidateComponentProvider - Identified candidate component class: file [C:\Users\fukuh\dev\00_kouka\02_2021\todo\build\classes\java\main\com\example\todo\TodoApplication.class]
23:48:33.432 [Test worker] INFO org.springframework.boot.test.context.SpringBootTestContextBootstrapper - Found @SpringBootConfiguration com.example.todo.TodoApplication for test class com.example.todo.TodoApplicationTests
23:48:33.568 [Test worker] DEBUG org.springframework.boot.test.context.SpringBootTestContextBootstrapper - @TestExecutionListeners is not present for class [com.example.todo.TodoApplicationTests]: using defaults.
23:48:33.568 [Test worker] INFO org.springframework.boot.test.context.SpringBootTestContextBootstrapper - Loaded default TestExecutionListener class names from location [META-INF/spring.factories]: [org.springframework.security.test.context.support.WithSecurityContextTestExecutionListener, org.springframework.security.test.context.support.ReactorContextTestExecutionListener, org.springframework.boot.test.autoconfigure.restdocs.RestDocsTestExecutionListener, org.springframework.boot.test.autoconfigure.web.client.MockRestServiceServerResetTestExecutionListener, org.springframework.boot.test.autoconfigure.web.servlet.MockMvcPrintOnlyOnFailureTestExecutionListener, org.springframework.boot.test.autoconfigure.web.servlet.WebDriverTestExecutionListener, org.springframework.boot.test.autoconfigure.webservices.client.MockWebServiceServerTestExecutionListener, org.springframework.boot.test.mock.mockito.MockitoTestExecutionListener, org.springframework.boot.test.mock.mockito.ResetMocksTestExecutionListener, org.springframework.test.context.web.ServletTestExecutionListener, org.springframework.test.context.support.DirtiesContextBeforeModesTestExecutionListener, org.springframework.test.context.event.ApplicationEventsTestExecutionListener, org.springframework.test.context.support.DependencyInjectionTestExecutionListener, org.springframework.test.context.support.DirtiesContextTestExecutionListener, org.springframework.test.context.transaction.TransactionalTestExecutionListener, org.springframework.test.context.jdbc.SqlScriptsTestExecutionListener, org.springframework.test.context.event.EventPublishingTestExecutionListener]
23:48:33.596 [Test worker] INFO org.springframework.boot.test.context.SpringBootTestContextBootstrapper - Using TestExecutionListeners: [org.springframework.test.context.web.ServletTestExecutionListener@1f19054d, org.springframework.test.context.support.DirtiesContextBeforeModesTestExecutionListener@1dd37ee3, org.springframework.test.context.event.ApplicationEventsTestExecutionListener@66a5fa5b, org.springframework.boot.test.mock.mockito.MockitoTestExecutionListener@7bfe9d2e, org.springframework.boot.test.autoconfigure.SpringBootDependencyInjectionTestExecutionListener@2c1adc71, org.springframework.test.context.support.DirtiesContextTestExecutionListener@2ab89b77, org.springframework.test.context.transaction.TransactionalTestExecutionListener@6306db59, org.springframework.test.context.jdbc.SqlScriptsTestExecutionListener@6c1e2dfa, org.springframework.security.test.context.support.WithSecurityContextTestExecutionListener@161d8d5c, org.springframework.test.context.event.EventPublishingTestExecutionListener@7810dfcb, org.springframework.security.test.context.support.ReactorContextTestExecutionListener@2d990f83, org.springframework.boot.test.autoconfigure.restdocs.RestDocsTestExecutionListener@30759637, org.springframework.boot.test.autoconfigure.web.client.MockRestServiceServerResetTestExecutionListener@4a788a08, org.springframework.boot.test.autoconfigure.web.servlet.MockMvcPrintOnlyOnFailureTestExecutionListener@34e8ea0b, org.springframework.boot.test.autoconfigure.web.servlet.WebDriverTestExecutionListener@51681e02, org.springframework.boot.test.autoconfigure.webservices.client.MockWebServiceServerTestExecutionListener@4d30fe36, org.springframework.boot.test.mock.mockito.ResetMocksTestExecutionListener@43960552]
23:48:33.602 [Test worker] DEBUG org.springframework.test.context.support.AbstractDirtiesContextTestExecutionListener - Before test class: context [DefaultTestContext@2ac8ddab testClass = TodoApplicationTests, testInstance = [null], testMethod = [null], testException = [null], mergedContextConfiguration = [WebMergedContextConfiguration@1c40314c testClass = TodoApplicationTests, locations = '{}', classes = '{class com.example.todo.TodoApplication}', contextInitializerClasses = '[]', activeProfiles = '{}', propertySourceLocations = '{}', propertySourceProperties = '{org.springframework.boot.test.context.SpringBootTestContextBootstrapper=true}', contextCustomizers = set[org.springframework.boot.test.autoconfigure.actuate.metrics.MetricsExportContextCustomizerFactory$DisableMetricExportContextCustomizer@2bc60ffb, org.springframework.boot.test.autoconfigure.properties.PropertyMappingContextCustomizer@0, org.springframework.boot.test.autoconfigure.web.servlet.WebDriverContextCustomizerFactory$Customizer@5207625a, org.springframework.boot.test.context.filter.ExcludeFilterContextCustomizer@755628b4, org.springframework.boot.test.json.DuplicateJsonObjectContextCustomizerFactory$DuplicateJsonObjectContextCustomizer@2c279670, org.springframework.boot.test.mock.mockito.MockitoContextCustomizer@0, org.springframework.boot.test.web.client.TestRestTemplateContextCustomizer@37cab215, org.springframework.boot.test.context.SpringBootTestArgs@1, org.springframework.boot.test.context.SpringBootTestWebEnvironment@49a826ac], resourceBasePath = 'src/main/webapp', contextLoader = 'org.springframework.boot.test.context.SpringBootContextLoader', parent = [null]], attributes = map['org.springframework.test.context.web.ServletTestExecutionListener.activateListener' -> true]], class annotated with @DirtiesContext [false] with mode [null].
23:48:33.639 [Test worker] DEBUG org.springframework.test.context.support.TestPropertySourceUtils - Adding inlined properties to environment: {spring.jmx.enabled=false, org.springframework.boot.test.context.SpringBootTestContextBootstrapper=true}

  .   ____          _            __ _ _
 /\\ / ___'_ __ _ _(_)_ __  __ _ \ \ \ \
( ( )\___ | '_ | '_| | '_ \/ _` | \ \ \ \
 \\/  ___)| |_)| | | | | || (_| |  ) ) ) )
  '  |____| .__|_| |_|_| |_\__, | / / / /
 =========|_|==============|___/=/_/_/_/
 :: Spring Boot ::       (v2.5.0-SNAPSHOT)

2021-06-26 23:48:34.019  INFO 3420 --- [    Test worker] com.example.todo.TodoApplicationTests    : Starting TodoApplicationTests using Java 14.0.1 on LAPTOP-RG654IMP with PID 3420 (started by fukuh in C:\Users\fukuh\dev\00_kouka\02_2021\todo)
2021-06-26 23:48:34.023  INFO 3420 --- [    Test worker] com.example.todo.TodoApplicationTests    : No active profile set, falling back to default profiles: default
2021-06-26 23:48:34.298  WARN 3420 --- [kground-preinit] o.s.h.c.j.Jackson2ObjectMapperBuilder    : For Jackson Kotlin classes support please add "com.fasterxml.jackson.module:jackson-module-kotlin" to the classpath
2021-06-26 23:48:36.634  INFO 3420 --- [    Test worker] o.s.b.a.w.s.WelcomePageHandlerMapping    : Adding welcome page template: index
2021-06-26 23:48:36.853  INFO 3420 --- [    Test worker] o.s.s.web.DefaultSecurityFilterChain     : Will secure any request with [org.springframework.security.web.context.request.async.WebAsyncManagerIntegrationFilter@2bf76043, org.springframework.security.web.context.SecurityContextPersistenceFilter@2cc9fb69, org.springframework.security.web.header.HeaderWriterFilter@6ea7b5f1, org.springframework.web.filter.CorsFilter@41e5a593, org.springframework.security.web.authentication.logout.LogoutFilter@64ab7aea, org.springframework.security.web.authentication.UsernamePasswordAuthenticationFilter@5c5b3e76, org.springframework.security.web.savedrequest.RequestCacheAwareFilter@5c7ace7f, org.springframework.security.web.servletapi.SecurityContextHolderAwareRequestFilter@7a7b78a0, org.springframework.security.web.authentication.AnonymousAuthenticationFilter@4e0cf5e9, org.springframework.security.web.session.SessionManagementFilter@3b42b917, org.springframework.security.web.access.ExceptionTranslationFilter@31f222ba, org.springframework.security.web.access.intercept.FilterSecurityInterceptor@464b74a4]
2021-06-26 23:48:38.150  INFO 3420 --- [    Test worker] com.example.todo.TodoApplicationTests    : Started TodoApplicationTests in 4.502 seconds (JVM running for 7.075)
2021-06-26 23:48:38.152  INFO 3420 --- [    Test worker] o.s.b.a.ApplicationAvailabilityBean      : Application availability state LivenessState changed to CORRECT
2021-06-26 23:48:38.154  INFO 3420 --- [    Test worker] o.s.b.a.ApplicationAvailabilityBean      : Application availability state ReadinessState changed to ACCEPTING_TRAFFIC
]]></system-out>
  <system-err><![CDATA[]]></system-err>
</testsuite>
